0 info it worked if it ends with ok
1 verbose cli [ 'C:\\Program Files\\nodejs\\\\node.exe',
1 verbose cli   'C:\\Program Files\\nodejs\\node_modules\\npm\\bin\\npm-cli.js',
1 verbose cli   'install' ]
2 info using npm@2.9.1
3 info using node@v0.12.3
4 verbose node symlink C:\Program Files\nodejs\\node.exe
5 verbose readDependencies loading dependencies from C:\Users\spacegeek\Desktop\TeamWork\JustGo\package.json
6 error install Couldn't read dependencies
7 verbose stack Error: ENOENT, open 'C:\Users\spacegeek\Desktop\TeamWork\JustGo\package.json'
7 verbose stack     at Error (native)
8 verbose cwd C:\Users\spacegeek\Desktop\TeamWork\JustGo
9 error Windows_NT 6.1.7601
10 error argv "C:\\Program Files\\nodejs\\\\node.exe" "C:\\Program Files\\nodejs\\node_modules\\npm\\bin\\npm-cli.js" "install"
11 error node v0.12.3
12 error npm  v2.9.1
13 error path C:\Users\spacegeek\Desktop\TeamWork\JustGo\package.json
14 error code ENOPACKAGEJSON
15 error errno -4058
16 error package.json ENOENT, open 'C:\Users\spacegeek\Desktop\TeamWork\JustGo\package.json'
16 error package.json This is most likely not a problem with npm itself.
16 error package.json npm can't find a package.json file in your current directory.
17 verbose exit [ -4058, true ]
